<?xml version="1.0" encoding="UTF-8"?>
<!-- Generated by org.testng.reporters.JUnitXMLReporter -->
<testsuite ignored="4" hostname="DESKTOP-MCIFTAV" failures="0" tests="15" name="ChromeTest" time="365.425" errors="0" timestamp="2024-03-01T13:59:54 IST">
  <testcase classname="testCases.TC001_HomePage" name="location" time="44.147"/>
  <testcase classname="testCases.TC001_HomePage" name="patientFilter" time="0.236"/>
  <testcase classname="testCases.TC001_HomePage" name="experienceFilter" time="2.164"/>
  <testcase classname="testCases.TC001_HomePage" name="allFilters" time="0.175"/>
  <testcase classname="testCases.TC001_HomePage" name="feesFilter" time="0.157"/>
  <testcase classname="testCases.TC001_HomePage" name="sortFilter" time="40.518"/>
  <testcase classname="testCases.TC001_HomePage" name="availableFilter" time="0.258"/>
  <testcase classname="testCases.TC001_HomePage" name="displayDoctorInfo" time="40.983"/>
  <testcase classname="testCases.TC002_Surgery" name="navigateToSurgeries" time="22.316"/>
  <testcase classname="testCases.TC002_Surgery" name="displaySurgeryElements" time="4.038"/>
  <testcase classname="testCases.TC003_Form" name="navigateToHospital" time="51.662"/>
  <testcase classname="testCases.TC003_Form" name="negativeTesting" time="3.856"/>
  <testcase classname="testCases.TC003_Form" name="positiveTesting" time="58.871"/>
  <testcase classname="testCases.TC003_Form" name="displayResponse" time="0.274"/>
  <testcase classname="testCases.TC003_Form" name="displayAddResponse" time="0.127"/>
  <testcase classname="factory.BaseClass" name="@BeforeTest initializeBrowser" time="0.0">
    <ignored/>
  </testcase> <!-- @BeforeTest initializeBrowser -->
  <testcase classname="factory.BaseClass" name="@BeforeTest initializeBrowser" time="0.0">
    <ignored/>
  </testcase> <!-- @BeforeTest initializeBrowser -->
  <testcase classname="factory.BaseClass" name="@AfterTest tearDown" time="0.0">
    <ignored/>
  </testcase> <!-- @AfterTest tearDown -->
  <testcase classname="factory.BaseClass" name="@AfterTest tearDown" time="0.0">
    <ignored/>
  </testcase> <!-- @AfterTest tearDown -->
</testsuite> <!-- ChromeTest -->
